<?xml version="1.0" encoding="UTF-8"?>
<testng-results ignored="0" total="3" passed="2" failed="1" skipped="0">
  <reporter-output>
  </reporter-output>
  <suite started-at="2024-01-18T15:11:33 IST" name="Suite" finished-at="2024-01-18T15:13:01 IST" duration-ms="87477">
    <groups>
    </groups>
    <test started-at="2024-01-18T15:11:33 IST" name="Test" finished-at="2024-01-18T15:13:01 IST" duration-ms="87477">
      <class name="com.Test.Test1_HomePageNavigation">
        <test-method is-config="true" signature="BS()[pri:0, instance:com.Test.Test1_HomePageNavigation@3a0baae5]" started-at="2024-01-18T15:11:33 IST" name="BS" finished-at="2024-01-18T15:11:33 IST" duration-ms="662" status="PASS">
          <reporter-output>
          </reporter-output>
        </test-method> <!-- BS -->
        <test-method is-config="true" signature="setup(java.lang.String)[pri:0, instance:com.Test.Test1_HomePageNavigation@3a0baae5]" started-at="2024-01-18T15:11:33 IST" name="setup" finished-at="2024-01-18T15:12:42 IST" duration-ms="68678" status="PASS">
          <params>
            <param index="0">
              <value>
                <![CDATA[Chrome]]>
              </value>
            </param>
          </params>
          <reporter-output>
          </reporter-output>
        </test-method> <!-- setup -->
        <test-method signature="verify_HomePageNavigation()[pri:0, instance:com.Test.Test1_HomePageNavigation@3a0baae5]" started-at="2024-01-18T15:12:42 IST" name="verify_HomePageNavigation" finished-at="2024-01-18T15:12:49 IST" duration-ms="6594" status="PASS">
          <reporter-output>
          </reporter-output>
        </test-method> <!-- verify_HomePageNavigation -->
        <test-method is-config="true" signature="tearDown()[pri:0, instance:com.Test.Test1_HomePageNavigation@3a0baae5]" started-at="2024-01-18T15:12:49 IST" name="tearDown" finished-at="2024-01-18T15:12:49 IST" duration-ms="177" status="PASS">
          <reporter-output>
          </reporter-output>
        </test-method> <!-- tearDown -->
      </class> <!-- com.Test.Test1_HomePageNavigation -->
      <class name="com.Test.Test3_CardSection">
        <test-method is-config="true" signature="setup(java.lang.String)[pri:0, instance:com.Test.Test3_CardSection@77825085]" started-at="2024-01-18T15:12:58 IST" name="setup" finished-at="2024-01-18T15:13:01 IST" duration-ms="2916" status="PASS">
          <params>
            <param index="0">
              <value>
                <![CDATA[Chrome]]>
              </value>
            </param>
          </params>
          <reporter-output>
          </reporter-output>
        </test-method> <!-- setup -->
        <test-method signature="VerifyCardSection()[pri:0, instance:com.Test.Test3_CardSection@77825085]" started-at="2024-01-18T15:13:01 IST" name="VerifyCardSection" finished-at="2024-01-18T15:13:01 IST" duration-ms="2" status="PASS">
          <reporter-output>
          </reporter-output>
        </test-method> <!-- VerifyCardSection -->
        <test-method is-config="true" signature="tearDown()[pri:0, instance:com.Test.Test3_CardSection@77825085]" started-at="2024-01-18T15:13:01 IST" name="tearDown" finished-at="2024-01-18T15:13:01 IST" duration-ms="117" status="PASS">
          <reporter-output>
          </reporter-output>
        </test-method> <!-- tearDown -->
      </class> <!-- com.Test.Test3_CardSection -->
      <class name="com.Test.Test11_ContactUs">
        <test-method is-config="true" signature="setup(java.lang.String)[pri:0, instance:com.Test.Test11_ContactUs@5143c662]" started-at="2024-01-18T15:12:49 IST" name="setup" finished-at="2024-01-18T15:12:52 IST" duration-ms="3246" status="PASS">
          <params>
            <param index="0">
              <value>
                <![CDATA[Chrome]]>
              </value>
            </param>
          </params>
          <reporter-output>
          </reporter-output>
        </test-method> <!-- setup -->
        <test-method signature="VerifyContactUs()[pri:0, instance:com.Test.Test11_ContactUs@5143c662]" started-at="2024-01-18T15:12:52 IST" name="VerifyContactUs" finished-at="2024-01-18T15:12:57 IST" duration-ms="5390" status="FAIL">
          <exception class="java.lang.AssertionError">
            <message>
              <![CDATA[The following asserts failed:
expected [1Contact Us] but found [Contact Us]]]>
            </message>
            <full-stacktrace>
              <![CDATA[java.lang.AssertionError: The following asserts failed:
expected [1Contact Us] but found [Contact Us]
at org.testng.asserts.SoftAssert.assertAll(SoftAssert.java:46)
at org.testng.asserts.SoftAssert.assertAll(SoftAssert.java:30)
at com.Test.Test11_ContactUs.VerifyContactUs(Test11_ContactUs.java:33)
at java.base/jdk.internal.reflect.NativeMethodAccessorImpl.invoke0(Native Method)
at java.base/jdk.internal.reflect.NativeMethodAccessorImpl.invoke(NativeMethodAccessorImpl.java:77)
at java.base/jdk.internal.reflect.DelegatingMethodAccessorImpl.invoke(DelegatingMethodAccessorImpl.java:43)
at java.base/java.lang.reflect.Method.invoke(Method.java:568)
at org.testng.internal.invokers.MethodInvocationHelper.invokeMethod(MethodInvocationHelper.java:139)
at org.testng.internal.invokers.TestInvoker.invokeMethod(TestInvoker.java:664)
at org.testng.internal.invokers.TestInvoker.invokeTestMethod(TestInvoker.java:228)
at org.testng.internal.invokers.MethodRunner.runInSequence(MethodRunner.java:63)
at org.testng.internal.invokers.TestInvoker$MethodInvocationAgent.invoke(TestInvoker.java:961)
at org.testng.internal.invokers.TestInvoker.invokeTestMethods(TestInvoker.java:201)
at org.testng.internal.invokers.TestMethodWorker.invokeTestMethods(TestMethodWorker.java:148)
at org.testng.internal.invokers.TestMethodWorker.run(TestMethodWorker.java:128)
at java.base/java.util.ArrayList.forEach(ArrayList.java:1511)
at org.testng.TestRunner.privateRun(TestRunner.java:819)
at org.testng.TestRunner.run(TestRunner.java:619)
at org.testng.SuiteRunner.runTest(SuiteRunner.java:443)
at org.testng.SuiteRunner.runSequentially(SuiteRunner.java:437)
at org.testng.SuiteRunner.privateRun(SuiteRunner.java:397)
at org.testng.SuiteRunner.run(SuiteRunner.java:336)
at org.testng.SuiteRunnerWorker.runSuite(SuiteRunnerWorker.java:52)
at org.testng.SuiteRunnerWorker.run(SuiteRunnerWorker.java:95)
at org.testng.TestNG.runSuitesSequentially(TestNG.java:1301)
at org.testng.TestNG.runSuitesLocally(TestNG.java:1228)
at org.testng.TestNG.runSuites(TestNG.java:1134)
at org.testng.TestNG.run(TestNG.java:1101)
at org.testng.remote.AbstractRemoteTestNG.run(AbstractRemoteTestNG.java:115)
at org.testng.remote.RemoteTestNG.initAndRun(RemoteTestNG.java:251)
at org.testng.remote.RemoteTestNG.main(RemoteTestNG.java:77)
]]>
            </full-stacktrace>
          </exception> <!-- java.lang.AssertionError -->
          <reporter-output>
          </reporter-output>
        </test-method> <!-- VerifyContactUs -->
        <test-method is-config="true" signature="tearDown()[pri:0, instance:com.Test.Test11_ContactUs@5143c662]" started-at="2024-01-18T15:12:58 IST" name="tearDown" finished-at="2024-01-18T15:12:58 IST" duration-ms="122" status="PASS">
          <reporter-output>
          </reporter-output>
        </test-method> <!-- tearDown -->
      </class> <!-- com.Test.Test11_ContactUs -->
    </test> <!-- Test -->
  </suite> <!-- Suite -->
</testng-results>
